20:37:49 npm verbose cli C:\nvm4w\nodejs\node.exe C:\nvm4w\nodejs\node_modules\npm\bin\npm-cli.js
20:37:49 npm info using npm@10.8.2
20:37:49 npm info using node@v20.19.1
20:37:49 npm verbose title npm i @tailwindcss/postcss
20:37:49 npm verbose argv "i" "--save-dev" "@tailwindcss/postcss" "--foreground-scripts" "--progress" "true"
20:37:49 npm verbose logfile logs-max:10 dir:C:\Users\USER\AppData\Local\npm-cache\_logs\2025-08-29T14_52_49_842Z-
20:37:49 npm verbose logfile C:\Users\USER\AppData\Local\npm-cache\_logs\2025-08-29T14_52_49_842Z-debug-0.log
20:38:02 npm http fetch GET 200 https://registry.npmjs.org/next 785ms (cache revalidated)
20:38:04 npm http fetch GET 200 https://registry.npmjs.org/@opentelemetry%2fapi 432ms (cache revalidated)
20:38:05 npm http fetch GET 200 https://registry.npmjs.org/@playwright%2ftest 481ms (cache revalidated)
20:38:05 npm http fetch GET 200 https://registry.npmjs.org/babel-plugin-react-compiler 161ms (cache revalidated)
20:38:05 npm http fetch GET 200 https://registry.npmjs.org/react 164ms (cache revalidated)
20:38:06 npm http fetch GET 200 https://registry.npmjs.org/react-dom 273ms (cache revalidated)
20:38:06 npm http fetch GET 200 https://registry.npmjs.org/sass 152ms (cache revalidated)
20:38:07 npm http fetch GET 200 https://registry.npmjs.org/sanity 881ms (cache updated)
20:38:08 npm http fetch GET 200 https://registry.npmjs.org/styled-components 144ms (cache revalidated)
20:38:08 npm http fetch GET 200 https://registry.npmjs.org/@tailwindcss%2fpostcss 49ms (cache hit)
20:38:08 npm http fetch GET 200 https://registry.npmjs.org/eslint 134ms (cache revalidated)
20:38:09 npm http fetch GET 200 https://registry.npmjs.org/jiti 119ms (cache revalidated)
20:38:09 npm http fetch GET 200 https://registry.npmjs.org/playwright 312ms (cache revalidated)
20:38:10 npm http fetch GET 200 https://registry.npmjs.org/prisma 536ms (cache revalidated)
20:38:11 npm http fetch GET 200 https://registry.npmjs.org/typescript 328ms (cache revalidated)
20:38:12 npm http fetch GET 200 https://registry.npmjs.org/glob-parent 192ms (cache miss)
20:38:12 npm http fetch GET 200 https://registry.npmjs.org/postcss 284ms (cache revalidated)
20:38:14 npm http fetch GET 200 https://registry.npmjs.org/@next%2fswc-darwin-x64 1327ms (cache miss)
20:38:14 npm http fetch GET 200 https://registry.npmjs.org/@next%2fswc-darwin-arm64 1458ms (cache miss)
20:38:14 npm http fetch GET 200 https://registry.npmjs.org/@next%2fswc-win32-arm64-msvc 1366ms (cache miss)
20:38:14 npm http fetch GET 200 https://registry.npmjs.org/@next%2fswc-linux-x64-musl 1859ms (cache miss)
20:38:14 npm http fetch GET 200 https://registry.npmjs.org/@next%2fswc-linux-arm64-gnu 1979ms (cache miss)
20:38:14 npm http fetch GET 200 https://registry.npmjs.org/fsevents 530ms (cache miss)
20:38:14 npm http fetch GET 200 https://registry.npmjs.org/@next%2fswc-linux-arm64-musl 1926ms (cache miss)
20:38:15 npm http fetch GET 200 https://registry.npmjs.org/@next%2fswc-linux-x64-gnu 2385ms (cache miss)
20:38:15 npm http fetch GET 200 https://registry.npmjs.org/@sentry%2freact 696ms (cache miss)
20:38:15 npm http fetch GET 200 https://registry.npmjs.org/playwright-core 1794ms (cache miss)
20:38:16 npm http fetch GET 200 https://registry.npmjs.org/@sanity%2fcli 1819ms (cache miss)
20:38:17 npm http fetch GET 200 https://registry.npmjs.org/https-proxy-agent 189ms (cache miss)
20:38:17 npm http fetch GET 200 https://registry.npmjs.org/@sentry%2fcli-darwin 407ms (cache miss)
20:38:17 npm http fetch GET 200 https://registry.npmjs.org/@sentry%2fcli-linux-arm 436ms (cache miss)
20:38:18 npm http fetch GET 200 https://registry.npmjs.org/@sentry%2fcli-linux-arm64 406ms (cache miss)
20:38:18 npm http fetch GET 200 https://registry.npmjs.org/@sentry%2fcli-linux-i686 436ms (cache miss)
20:38:19 npm http fetch GET 200 https://registry.npmjs.org/@sentry%2fcli-linux-x64 494ms (cache miss)
20:38:19 npm http fetch GET 200 https://registry.npmjs.org/@sentry%2fcli-win32-i686 415ms (cache miss)
20:38:20 npm http fetch GET 200 https://registry.npmjs.org/@sentry%2fcli-win32-arm64 450ms (cache miss)
20:38:20 npm http fetch GET 200 https://registry.npmjs.org/agent-base 110ms (cache miss)
20:38:20 npm http fetch GET 200 https://registry.npmjs.org/webpack 55ms (cache hit)
20:38:20 npm http fetch GET 200 https://registry.npmjs.org/react 75ms (cache hit)
20:38:21 npm http fetch GET 200 https://registry.npmjs.org/semver 222ms (cache miss)
20:38:21 npm http fetch GET 200 https://registry.npmjs.org/@sanity%2fruntime-cli 477ms (cache miss)
20:38:21 npm http fetch GET 200 https://registry.npmjs.org/@sentry%2fcore 538ms (cache miss)
20:38:22 npm http fetch GET 200 https://registry.npmjs.org/@sentry%2fbrowser 2088ms (cache miss)
20:38:23 npm http fetch GET 200 https://registry.npmjs.org/eventsource 148ms (cache miss)
20:38:23 npm http fetch GET 200 https://registry.npmjs.org/xdg-basedir 157ms (cache miss)
20:38:23 npm http fetch GET 200 https://registry.npmjs.org/ora 178ms (cache miss)
20:38:23 npm http fetch GET 200 https://registry.npmjs.org/chalk 181ms (cache miss)
20:38:23 npm http fetch GET 200 https://registry.npmjs.org/mime-types 187ms (cache miss)
20:38:23 npm http fetch GET 200 https://registry.npmjs.org/find-up 206ms (cache miss)
20:38:23 npm http fetch GET 200 https://registry.npmjs.org/fsevents 19ms (cache hit)
20:38:23 npm http fetch GET 200 https://registry.npmjs.org/yaml 218ms (cache revalidated)
20:38:23 npm http fetch GET 200 https://registry.npmjs.org/chalk 53ms (cache hit)
20:38:23 npm http fetch GET 200 https://registry.npmjs.org/path-exists 139ms (cache miss)
20:38:23 npm http fetch GET 200 https://registry.npmjs.org/mime-db 149ms (cache miss)
20:38:23 npm http fetch GET 200 https://registry.npmjs.org/is-interactive 158ms (cache miss)
20:38:23 npm http fetch GET 200 https://registry.npmjs.org/cli-cursor 188ms (cache miss)
20:38:23 npm http fetch GET 200 https://registry.npmjs.org/locate-path 219ms (cache miss)
20:38:23 npm http fetch GET 200 https://registry.npmjs.org/log-symbols 149ms (cache miss)
20:38:23 npm http fetch GET 200 https://registry.npmjs.org/is-unicode-supported 211ms (cache miss)
20:38:23 npm http fetch GET 200 https://registry.npmjs.org/string-width 136ms (cache miss)
20:38:23 npm http fetch GET 200 https://registry.npmjs.org/strip-ansi 127ms (cache miss)
20:38:24 npm http fetch GET 200 https://registry.npmjs.org/p-locate 170ms (cache miss)
20:38:24 npm http fetch GET 200 https://registry.npmjs.org/p-limit 159ms (cache miss)
20:38:24 npm http fetch GET 200 https://registry.npmjs.org/is-unicode-supported 32ms (cache hit)
20:38:24 npm http fetch GET 200 https://registry.npmjs.org/emoji-regex 117ms (cache miss)
20:38:24 npm http fetch GET 200 https://registry.npmjs.org/ansi-regex 145ms (cache miss)
20:38:24 npm http fetch GET 200 https://registry.npmjs.org/restore-cursor 183ms (cache miss)
20:38:24 npm http fetch GET 200 https://registry.npmjs.org/signal-exit 118ms (cache miss)
20:38:24 npm http fetch GET 200 https://registry.npmjs.org/onetime 127ms (cache miss)
20:38:24 npm http fetch GET 200 https://registry.npmjs.org/yocto-queue 137ms (cache miss)
20:38:25 npm http fetch GET 200 https://registry.npmjs.org/@sentry-internal%2ffeedback 412ms (cache miss)
20:38:25 npm http fetch GET 200 https://registry.npmjs.org/@sentry-internal%2freplay 474ms (cache miss)
20:38:25 npm http fetch GET 200 https://registry.npmjs.org/@sentry-internal%2freplay-canvas 734ms (cache miss)
20:38:26 npm http fetch GET 200 https://registry.npmjs.org/@sentry-internal%2fbrowser-utils 2075ms (cache miss)
20:39:28 npm verbose reify failed optional dependency C:\Users\USER\Projects\rudraksha-pasal\node_modules\fsevents
20:39:28 npm verbose reify failed optional dependency C:\Users\USER\Projects\rudraksha-pasal\node_modules\@next\swc-win32-arm64-msvc
20:39:28 npm verbose reify failed optional dependency C:\Users\USER\Projects\rudraksha-pasal\node_modules\@next\swc-linux-x64-musl
20:39:28 npm verbose reify failed optional dependency C:\Users\USER\Projects\rudraksha-pasal\node_modules\@next\swc-linux-x64-gnu
20:39:28 npm verbose reify failed optional dependency C:\Users\USER\Projects\rudraksha-pasal\node_modules\@next\swc-linux-arm64-musl
20:39:28 npm verbose reify failed optional dependency C:\Users\USER\Projects\rudraksha-pasal\node_modules\@next\swc-linux-arm64-gnu
20:39:28 npm verbose reify failed optional dependency C:\Users\USER\Projects\rudraksha-pasal\node_modules\@next\swc-darwin-x64
20:39:28 npm verbose reify failed optional dependency C:\Users\USER\Projects\rudraksha-pasal\node_modules\@next\swc-darwin-arm64
20:39:28 npm verbose reify failed optional dependency C:\Users\USER\Projects\rudraksha-pasal\node_modules\@sentry\cli-win32-i686
20:39:28 npm verbose reify failed optional dependency C:\Users\USER\Projects\rudraksha-pasal\node_modules\@sentry\cli-win32-arm64
20:39:28 npm verbose reify failed optional dependency C:\Users\USER\Projects\rudraksha-pasal\node_modules\@sentry\cli-linux-x64
20:39:28 npm verbose reify failed optional dependency C:\Users\USER\Projects\rudraksha-pasal\node_modules\@sentry\cli-linux-i686
20:39:28 npm verbose reify failed optional dependency C:\Users\USER\Projects\rudraksha-pasal\node_modules\@sentry\cli-linux-arm64
20:39:28 npm verbose reify failed optional dependency C:\Users\USER\Projects\rudraksha-pasal\node_modules\@sentry\cli-linux-arm
20:39:28 npm verbose reify failed optional dependency C:\Users\USER\Projects\rudraksha-pasal\node_modules\@sentry\cli-darwin
20:39:28 npm verbose reify failed optional dependency C:\Users\USER\Projects\rudraksha-pasal\node_modules\vite\node_modules\fsevents
20:39:28 npm verbose reify failed optional dependency C:\Users\USER\Projects\rudraksha-pasal\node_modules\tsx\node_modules\fsevents
20:39:35 npm http fetch GET 200 https://registry.npmjs.org/@types/which/-/which-3.0.4.tgz 7023ms (cache miss)
20:39:35 npm http fetch GET 200 https://registry.npmjs.org/@types/shallow-equals/-/shallow-equals-1.0.3.tgz 7060ms (cache miss)
20:39:35 npm http fetch GET 200 https://registry.npmjs.org/@types/use-sync-external-store/-/use-sync-external-store-1.5.0.tgz 7113ms (cache miss)
20:39:36 npm http fetch GET 200 https://registry.npmjs.org/which 7830ms (cache miss)
20:39:36 npm http fetch GET 200 https://registry.npmjs.org/@types/tar-stream/-/tar-stream-3.1.4.tgz 8057ms (cache miss)
20:39:38 npm http fetch GET 200 https://registry.npmjs.org/@types/speakingurl/-/speakingurl-13.0.6.tgz 9426ms (cache miss)
20:39:45 npm http fetch GET 200 https://registry.npmjs.org/@sanity/message-protocol/-/message-protocol-0.17.2.tgz 16228ms (cache miss)
20:39:47 npm http fetch GET 200 https://registry.npmjs.org/@sanity/logos/-/logos-2.2.2.tgz 18487ms (cache miss)
20:39:48 npm http fetch GET 200 https://registry.npmjs.org/@humanwhocodes/retry/-/retry-0.4.3.tgz 19441ms (cache miss)
20:39:48 npm http fetch GET 200 https://registry.npmjs.org/validate-npm-package-name/-/validate-npm-package-name-3.0.0.tgz 19438ms (cache miss)
20:39:48 npm http fetch GET 200 https://registry.npmjs.org/@sanity/id-utils/-/id-utils-1.0.0.tgz 19566ms (cache miss)
20:39:48 npm http fetch GET 200 https://registry.npmjs.org/unicorn-magic/-/unicorn-magic-0.1.0.tgz 19567ms (cache miss)
20:39:48 npm http fetch GET 200 https://registry.npmjs.org/@eslint/js/-/js-9.34.0.tgz 19730ms (cache miss)
20:39:49 npm http fetch GET 200 https://registry.npmjs.org/shallow-equals/-/shallow-equals-1.0.0.tgz 20092ms (cache miss)
20:39:49 npm http fetch GET 200 https://registry.npmjs.org/rxjs-mergemap-array/-/rxjs-mergemap-array-0.1.0.tgz 20121ms (cache miss)
20:39:49 npm http fetch GET 200 https://registry.npmjs.org/pkg-dir/-/pkg-dir-5.0.0.tgz 20193ms (cache miss)
20:39:49 npm http fetch GET 200 https://registry.npmjs.org/preferred-pm/-/preferred-pm-4.1.1.tgz 20243ms (cache miss)
20:39:49 npm http fetch GET 200 https://registry.npmjs.org/oneline/-/oneline-1.0.4.tgz 20331ms (cache miss)
20:39:50 npm http fetch GET 200 https://registry.npmjs.org/json-lexer/-/json-lexer-1.2.0.tgz 21209ms (cache miss)
20:39:50 npm http fetch GET 200 https://registry.npmjs.org/json-stable-stringify-without-jsonify/-/json-stable-stringify-without-jsonify-1.0.1.tgz 21414ms (cache miss)
20:39:50 npm http fetch GET 200 https://registry.npmjs.org/isomorphic-dompurify/-/isomorphic-dompurify-2.26.0.tgz 21645ms (cache miss)
20:39:50 npm http fetch GET 200 https://registry.npmjs.org/@prisma/config/-/config-6.15.0.tgz 21894ms (cache miss)
20:39:50 npm http fetch GET 200 https://registry.npmjs.org/eventsource-parser/-/eventsource-parser-3.0.5.tgz 21714ms (cache miss)
20:39:51 npm http fetch GET 200 https://registry.npmjs.org/array-treeify/-/array-treeify-0.1.5.tgz 22206ms (cache miss)
20:39:51 npm http fetch GET 200 https://registry.npmjs.org/@types/react-is/-/react-is-19.0.0.tgz 22536ms (cache miss)
20:39:52 npm http fetch GET 200 https://registry.npmjs.org/file-entry-cache/-/file-entry-cache-8.0.0.tgz 23174ms (cache miss)
20:39:52 npm http fetch GET 200 https://registry.npmjs.org/raf/-/raf-3.4.1.tgz 23269ms (cache miss)
20:39:52 npm http fetch GET 200 https://registry.npmjs.org/pluralize-esm/-/pluralize-esm-9.0.5.tgz 23358ms (cache miss)
20:39:52 npm http fetch GET 200 https://registry.npmjs.org/@dnd-kit/modifiers/-/modifiers-6.0.1.tgz 23514ms (cache miss)
20:39:52 npm http fetch GET 200 https://registry.npmjs.org/nano-pubsub/-/nano-pubsub-3.0.0.tgz 23501ms (cache miss)
20:39:52 npm http fetch GET 200 https://registry.npmjs.org/agent-base/-/agent-base-6.0.2.tgz 23432ms (cache miss)
20:39:52 npm http fetch GET 200 https://registry.npmjs.org/https-proxy-agent/-/https-proxy-agent-5.0.1.tgz 23463ms (cache miss)
20:39:53 npm http fetch GET 200 https://registry.npmjs.org/mimic-function/-/mimic-function-5.0.1.tgz 23981ms (cache miss)
20:39:53 npm http fetch GET 200 https://registry.npmjs.org/log-symbols/-/log-symbols-2.2.0.tgz 24015ms (cache miss)
20:39:53 npm http fetch GET 200 https://registry.npmjs.org/emoji-regex/-/emoji-regex-10.5.0.tgz 24114ms (cache miss)
20:39:53 npm http fetch GET 200 https://registry.npmjs.org/onetime/-/onetime-7.0.0.tgz 24164ms (cache miss)
20:39:53 npm http fetch GET 200 https://registry.npmjs.org/yocto-queue/-/yocto-queue-1.2.1.tgz 24200ms (cache miss)
20:39:53 npm http fetch GET 200 https://registry.npmjs.org/jsdom-global/-/jsdom-global-3.0.2.tgz 24395ms (cache miss)
20:39:53 npm http fetch GET 200 https://registry.npmjs.org/p-limit/-/p-limit-4.0.0.tgz 24353ms (cache miss)
20:39:53 npm http fetch GET 200 https://registry.npmjs.org/restore-cursor/-/restore-cursor-5.1.0.tgz 24397ms (cache miss)
20:39:53 npm http fetch GET 200 https://registry.npmjs.org/@next/env/-/env-15.5.2.tgz 24767ms (cache miss)
20:39:53 npm http fetch GET 200 https://registry.npmjs.org/log-symbols/-/log-symbols-6.0.0.tgz 24666ms (cache miss)
20:39:54 npm http fetch GET 200 https://registry.npmjs.org/execa/-/execa-2.1.0.tgz 24872ms (cache miss)
20:39:54 npm http fetch GET 200 https://registry.npmjs.org/decompress/-/decompress-4.2.1.tgz 24896ms (cache miss)
20:39:54 npm http fetch GET 200 https://registry.npmjs.org/console-table-printer/-/console-table-printer-2.14.6.tgz 25072ms (cache miss)
20:39:54 npm http fetch GET 200 https://registry.npmjs.org/configstore/-/configstore-5.0.1.tgz 25076ms (cache miss)
20:39:54 npm http fetch GET 200 https://registry.npmjs.org/path-exists/-/path-exists-5.0.0.tgz 25002ms (cache miss)
20:39:54 npm http fetch GET 200 https://registry.npmjs.org/mime-types/-/mime-types-3.0.1.tgz 25026ms (cache miss)
20:39:54 npm http fetch GET 200 https://registry.npmjs.org/find-up/-/find-up-7.0.0.tgz 25026ms (cache miss)
20:39:54 npm http fetch GET 200 https://registry.npmjs.org/xdg-basedir/-/xdg-basedir-5.1.0.tgz 25082ms (cache miss)
20:39:54 npm http fetch GET 200 https://registry.npmjs.org/ora/-/ora-8.2.0.tgz 25069ms (cache miss)
20:39:54 npm http fetch GET 200 https://registry.npmjs.org/is-interactive/-/is-interactive-2.0.0.tgz 25082ms (cache miss)
20:39:54 npm http fetch GET 200 https://registry.npmjs.org/stdin-discarder/-/stdin-discarder-0.2.2.tgz 25437ms (cache miss)
20:39:54 npm http fetch GET 200 https://registry.npmjs.org/glob-parent/-/glob-parent-6.0.2.tgz 24981ms (cache miss)
20:39:54 npm http fetch GET 200 https://registry.npmjs.org/async-mutex/-/async-mutex-0.5.0.tgz 25254ms (cache miss)
20:39:54 npm http fetch GET 200 https://registry.npmjs.org/json-reduce/-/json-reduce-3.0.0.tgz 25471ms (cache miss)
20:39:55 npm http fetch GET 200 https://registry.npmjs.org/ansi-regex/-/ansi-regex-6.2.0.tgz 26029ms (cache miss)
20:39:55 npm http fetch GET 200 https://registry.npmjs.org/p-locate/-/p-locate-6.0.0.tgz 26019ms (cache miss)
20:39:55 npm http fetch GET 200 https://registry.npmjs.org/signal-exit/-/signal-exit-4.1.0.tgz 26447ms (cache miss)
20:39:55 npm http fetch GET 200 https://registry.npmjs.org/is-unicode-supported/-/is-unicode-supported-1.3.0.tgz 26705ms (cache miss)
20:39:56 npm http fetch GET 200 https://registry.npmjs.org/string-width/-/string-width-7.2.0.tgz 26751ms (cache miss)
20:39:56 npm http fetch GET 200 https://registry.npmjs.org/is-unicode-supported/-/is-unicode-supported-2.1.0.tgz 26916ms (cache miss)
20:39:56 npm http fetch GET 200 https://registry.npmjs.org/cli-cursor/-/cli-cursor-5.0.0.tgz 26940ms (cache miss)
20:39:56 npm http fetch GET 200 https://registry.npmjs.org/lodash.merge/-/lodash.merge-4.6.2.tgz 27191ms (cache miss)
20:39:56 npm http fetch GET 200 https://registry.npmjs.org/classnames/-/classnames-2.5.1.tgz 27175ms (cache miss)
20:39:56 npm http fetch GET 200 https://registry.npmjs.org/locate-path/-/locate-path-7.2.0.tgz 27114ms (cache miss)
20:39:56 npm http fetch GET 200 https://registry.npmjs.org/module-alias/-/module-alias-2.2.3.tgz 27653ms (cache miss)
20:39:57 npm http fetch GET 200 https://registry.npmjs.org/resolve-from/-/resolve-from-5.0.0.tgz 28117ms (cache miss)
20:39:58 npm http fetch GET 200 https://registry.npmjs.org/strip-ansi/-/strip-ansi-7.1.0.tgz 29081ms (cache miss)
20:39:59 npm http fetch GET 200 https://registry.npmjs.org/chalk/-/chalk-5.6.0.tgz 30392ms (cache miss)
20:40:00 npm http fetch GET 200 https://registry.npmjs.org/get-east-asian-width/-/get-east-asian-width-1.3.0.tgz 30883ms (cache miss)
20:40:01 npm http fetch GET 200 https://registry.npmjs.org/uuid 32529ms (cache miss)
20:40:01 npm http fetch GET 200 https://registry.npmjs.org/chalk/-/chalk-5.6.0.tgz 32148ms (cache miss)
20:40:02 npm http fetch GET 200 https://registry.npmjs.org/semver 33950ms (cache miss)
20:40:03 npm http fetch GET 200 https://registry.npmjs.org/resolve.exports/-/resolve.exports-2.0.3.tgz 33999ms (cache miss)
20:40:04 npm http fetch GET 200 https://registry.npmjs.org/dataloader/-/dataloader-2.2.3.tgz 35670ms (cache miss)
20:40:05 npm http fetch GET 200 https://registry.npmjs.org/open/-/open-8.4.2.tgz 35986ms (cache miss)
20:40:05 npm http fetch GET 200 https://registry.npmjs.org/@vitejs/plugin-react/-/plugin-react-4.7.0.tgz 36302ms (cache miss)
20:40:05 npm http fetch GET 200 https://registry.npmjs.org/which/-/which-5.0.0.tgz 29173ms (cache hit)
20:40:10 npm http fetch GET 200 https://registry.npmjs.org/optionator/-/optionator-0.9.4.tgz 41153ms (cache miss)
20:40:12 npm http fetch GET 200 https://registry.npmjs.org/use-hot-module-reload/-/use-hot-module-reload-2.0.0.tgz 43474ms (cache miss)
20:40:12 npm http fetch GET 200 https://registry.npmjs.org/@humanfs/node/-/node-0.16.6.tgz 43723ms (cache miss)
20:40:13 npm http fetch GET 200 https://registry.npmjs.org/@oclif/plugin-help/-/plugin-help-6.2.32.tgz 44622ms (cache miss)
20:40:14 npm http fetch GET 200 https://registry.npmjs.org/rimraf 45809ms (cache miss)
20:40:15 npm http fetch GET 200 https://registry.npmjs.org/terser 47007ms (cache miss)
20:40:17 npm http fetch GET 200 https://registry.npmjs.org/mime-db/-/mime-db-1.54.0.tgz 47820ms (cache miss)
20:40:17 npm http fetch GET 200 https://registry.npmjs.org/@tanstack/react-virtual/-/react-virtual-3.13.12.tgz 48922ms (cache miss)
20:40:19 npm http fetch GET 200 https://registry.npmjs.org/@humanwhocodes/module-importer/-/module-importer-1.0.1.tgz 50089ms (cache miss)
20:40:20 npm http fetch GET 200 https://registry.npmjs.org/@sanity/diff/-/diff-4.6.0.tgz 51934ms (cache miss)
20:40:22 npm http fetch GET 200 https://registry.npmjs.org/uuid/-/uuid-11.1.0.tgz 20929ms (cache hit)
20:40:22 npm http fetch GET 200 https://registry.npmjs.org/@eslint/plugin-kit/-/plugin-kit-0.3.5.tgz 53900ms (cache miss)
20:40:23 npm http fetch GET 200 https://registry.npmjs.org/semver/-/semver-7.7.2.tgz 20293ms (cache hit)
20:40:23 npm http fetch GET 200 https://registry.npmjs.org/@prisma/engines/-/engines-6.15.0.tgz 54754ms (cache miss)
20:40:25 npm http fetch GET 200 https://registry.npmjs.org/urlpattern-polyfill/-/urlpattern-polyfill-10.1.0.tgz 56516ms (cache miss)
20:40:25 npm http fetch GET 200 https://registry.npmjs.org/@sanity/codegen/-/codegen-4.6.0.tgz 56688ms (cache miss)
20:40:26 npm http fetch GET 200 https://registry.npmjs.org/use-device-pixel-ratio/-/use-device-pixel-ratio-1.1.2.tgz 57071ms (cache miss)
20:40:26 npm http fetch GET 200 https://registry.npmjs.org/@eslint/config-helpers/-/config-helpers-0.3.1.tgz 57260ms (cache miss)
20:40:27 npm http fetch GET 200 https://registry.npmjs.org/path-to-regexp/-/path-to-regexp-6.3.0.tgz 58641ms (cache miss)
20:40:28 npm http fetch GET 200 https://registry.npmjs.org/esbuild-register/-/esbuild-register-3.6.0.tgz 59499ms (cache miss)
20:40:31 npm http fetch GET 200 https://registry.npmjs.org/rimraf/-/rimraf-5.0.10.tgz 16476ms (cache hit)
20:40:32 npm http fetch GET 200 https://registry.npmjs.org/terser/-/terser-5.43.1.tgz 16310ms (cache hit)
20:40:32 npm http fetch GET 200 https://registry.npmjs.org/vite-tsconfig-paths/-/vite-tsconfig-paths-5.1.4.tgz 63559ms (cache miss)
20:40:32 npm http fetch GET 200 https://registry.npmjs.org/chalk/-/chalk-5.6.0.tgz 63544ms (cache miss)
20:40:33 npm http fetch GET 200 https://registry.npmjs.org/rxjs-exhaustmap-with-trailing/-/rxjs-exhaustmap-with-trailing-2.1.1.tgz 64499ms (cache miss)
20:40:36 npm http fetch GET 200 https://registry.npmjs.org/eventsource/-/eventsource-4.0.0.tgz 67036ms (cache miss)
20:40:37 npm http fetch GET 200 https://registry.npmjs.org/@sanity/diff-patch/-/diff-patch-5.0.0.tgz 68291ms (cache miss)
20:40:39 npm http fetch GET 200 https://registry.npmjs.org/eslint-scope/-/eslint-scope-8.4.0.tgz 70355ms (cache miss)
20:40:41 npm http fetch GET 200 https://registry.npmjs.org/exif-component/-/exif-component-1.0.1.tgz 72256ms (cache miss)
20:40:47 npm http fetch GET 200 https://registry.npmjs.org/inquirer/-/inquirer-12.9.4.tgz 78536ms (cache miss)
20:40:50 npm http fetch GET 200 https://registry.npmjs.org/@sanity/migrate/-/migrate-4.6.0.tgz 81362ms (cache miss)
20:40:50 npm http fetch GET 200 https://registry.npmjs.org/@sanity/export/-/export-4.0.1.tgz 81275ms (cache miss)
20:40:52 npm http fetch GET 200 https://registry.npmjs.org/adm-zip/-/adm-zip-0.5.16.tgz 82804ms (cache miss)
20:40:54 npm http fetch GET 200 https://registry.npmjs.org/@eslint/config-array/-/config-array-0.21.0.tgz 85990ms (cache miss)
20:40:57 npm http fetch GET 200 https://registry.npmjs.org/@sanity/mutator/-/mutator-4.6.0.tgz 88839ms (cache miss)
20:41:02 npm http fetch GET 200 https://registry.npmjs.org/@sentry-internal/replay-canvas/-/replay-canvas-8.55.0.tgz 92830ms (cache miss)
20:41:09 npm http fetch GET 200 https://registry.npmjs.org/scrollmirror/-/scrollmirror-1.2.4.tgz 100229ms (cache miss)
20:41:09 npm http fetch GET 200 https://registry.npmjs.org/node-html-parser/-/node-html-parser-6.1.13.tgz 100185ms (cache miss)
20:41:15 npm http fetch GET 200 https://registry.npmjs.org/i18next/-/i18next-23.16.8.tgz 105897ms (cache miss)
20:41:15 npm http fetch GET 200 https://registry.npmjs.org/@sanity/schema/-/schema-4.6.0.tgz 106593ms (cache miss)
20:41:19 npm http fetch GET 200 https://registry.npmjs.org/@tanstack/react-table/-/react-table-8.21.3.tgz 110480ms (cache miss)
20:41:27 npm http fetch GET 200 https://registry.npmjs.org/styled-jsx/-/styled-jsx-5.1.6.tgz 118103ms (cache miss)
20:41:31 npm http fetch GET 200 https://registry.npmjs.org/@sanity/telemetry/-/telemetry-0.8.1.tgz 122480ms (cache miss)
20:41:35 npm http fetch GET 200 https://registry.npmjs.org/color2k/-/color2k-2.0.3.tgz 125819ms (cache miss)
20:41:41 npm http fetch GET 200 https://registry.npmjs.org/@dnd-kit/sortable/-/sortable-7.0.2.tgz 132172ms (cache miss)
20:41:48 npm http fetch GET 200 https://registry.npmjs.org/react-focus-lock/-/react-focus-lock-2.13.6.tgz 139424ms (cache miss)
20:41:49 npm http fetch GET 200 https://registry.npmjs.org/speakingurl/-/speakingurl-14.0.1.tgz 140264ms (cache miss)
20:41:52 npm http fetch GET 200 https://registry.npmjs.org/sharp/-/sharp-0.34.3.tgz 143685ms (cache miss)
20:42:03 npm http fetch GET 200 https://registry.npmjs.org/postcss/-/postcss-8.4.31.tgz 154181ms (cache miss)
20:42:12 npm http fetch GET 200 https://registry.npmjs.org/yargs/-/yargs-17.7.2.tgz 163467ms (cache miss)
20:42:24 npm http fetch GET 200 https://registry.npmjs.org/react-i18next/-/react-i18next-15.6.1.tgz 175064ms (cache miss)
20:42:26 npm http fetch GET 200 https://registry.npmjs.org/@mux/mux-player-react/-/mux-player-react-3.5.3.tgz 177750ms (cache miss)
